<?xml version="1.0" encoding="UTF-8"?>
<!-- Generated by org.testng.reporters.JUnitReportReporter -->
<testsuite hostname="DMM-G8142GWQ" failures="0" tests="2" name="SeleniumFrameworkDesign.StandAloneClass" time="23.905" errors="0" timestamp="17 Apr 2024 06:23:39 GMT">
  <testcase classname="SeleniumFrameworkDesign.StandAloneClass" name="SubmitOrder" time="12.223"/>
  <testcase classname="SeleniumFrameworkDesign.StandAloneClass" name="SubmitOrder" time="11.682"/>
</testsuite> <!-- SeleniumFrameworkDesign.StandAloneClass -->
